[debug] [2025-11-06T08:57:40.735Z] ----------------------------------------------------------------------
[debug] [2025-11-06T08:57:40.738Z] Command:       C:\Program Files\nodejs\node.exe C:\Users\Admin\AppData\Roaming\npm\node_modules\firebase-tools\lib\bin\firebase.js init firestore
[debug] [2025-11-06T08:57:40.738Z] CLI Version:   14.24.0
[debug] [2025-11-06T08:57:40.738Z] Platform:      win32
[debug] [2025-11-06T08:57:40.738Z] Node Version:  v20.17.0
[debug] [2025-11-06T08:57:40.738Z] Time:          Thu Nov 06 2025 14:27:40 GMT+0530 (India Standard Time)
[debug] [2025-11-06T08:57:40.738Z] ----------------------------------------------------------------------
[debug] 
[info] 
     ######## #### ########  ######## ########     ###     ######  ########
     ##        ##  ##     ## ##       ##     ##  ##   ##  ##       ##
     ######    ##  ########  ######   ########  #########  ######  ######
     ##        ##  ##    ##  ##       ##     ## ##     ##       ## ##
     ##       #### ##     ## ######## ########  ##     ##  ######  ########

You're about to initialize a Firebase project in this directory:

  E:\akasha\feasto

[info] 
=== Project Setup
[info] 
[info] First, let's associate this project directory with a Firebase project.
[info] You can create multiple project aliases by running firebase use --add, 
[info] 
[debug] [2025-11-06T08:58:12.460Z] > command requires scopes: ["email","openid","https://www.googleapis.com/auth/cloudplatformprojects.readonly","https://www.googleapis.com/auth/firebase","https://www.googleapis.com/auth/cloud-platform"]
[debug] [2025-11-06T08:58:12.462Z] > authorizing via signed-in user (sureshkailasnath@gmail.com)
[debug] [2025-11-06T08:58:12.465Z] Checked if tokens are valid: true, expires at: 1762423055580
[debug] [2025-11-06T08:58:12.465Z] Checked if tokens are valid: true, expires at: 1762423055580
[debug] [2025-11-06T08:58:12.469Z] >>> [apiv2][query] GET https://firebase.googleapis.com/v1beta1/availableProjects pageSize=100
[debug] [2025-11-06T08:58:13.160Z] <<< [apiv2][status] GET https://firebase.googleapis.com/v1beta1/availableProjects 200
[debug] [2025-11-06T08:58:13.160Z] <<< [apiv2][body] GET https://firebase.googleapis.com/v1beta1/availableProjects [omitted]
[debug] [2025-11-06T08:58:22.678Z] ExitPromptError: User force closed the prompt with SIGINT
    at Interface.sigint (C:\Users\Admin\AppData\Roaming\npm\node_modules\firebase-tools\node_modules\@inquirer\core\dist\commonjs\lib\create-prompt.js:101:37)
    at Interface.emit (node:events:519:28)
    at Interface.emit (node:domain:488:12)
    at [_ttyWrite] [as _ttyWrite] (node:internal/readline/interface:1126:18)
    at ReadStream.onkeypress (node:internal/readline/interface:265:20)
    at ReadStream.emit (node:events:531:35)
    at ReadStream.emit (node:domain:488:12)
    at emitKeys (node:internal/readline/utils:371:14)
    at emitKeys.next (<anonymous>)
    at ReadStream.onData (node:internal/readline/emitKeypressEvents:64:36)
[error] 
[error] Error: An unexpected error has occurred.
